Using pre-set license
Built from '2020.3/staging' branch; Version is '2020.3.5f1 (8095aa901b9b) revision 8426922'; Using compiler version '192528614'; Build Type 'Release'
OS: 'Windows 10 Home; OS build 19042.1348; Version 2009; 64bit' Language: 'fr' Physical Memory: 8034 MB
BatchMode: 1, IsHumanControllingUs: 0, StartBugReporterOnCrash: 0, Is64bit: 1, IsPro: 0

 COMMAND LINE ARGUMENTS:
C:\Program Files\Unity\Hub\Editor\2020.3.5f1\Editor\Unity.exe
-adb2
-batchMode
-noUpm
-name
AssetImportWorker0
-projectPath
D:/Tanya the evil
-logFile
Logs/AssetImportWorker0.log
-srvPort
30381
Successfully changed project path to: D:/Tanya the evil
D:/Tanya the evil
Using Asset Import Pipeline V2.
Refreshing native plugins compatible for Editor in 22.88 ms, found 0 plugins.
Preloading 0 native plugins for Editor in 0.00 ms.
Initialize engine version: 2020.3.5f1 (8095aa901b9b)
[Subsystems] Discovering subsystems at path C:/Program Files/Unity/Hub/Editor/2020.3.5f1/Editor/Data/Resources/UnitySubsystems
[Subsystems] Discovering subsystems at path D:/Tanya the evil/Assets
GfxDevice: creating device client; threaded=0
Direct3D:
    Version:  Direct3D 11.0 [level 11.1]
    Renderer: NVIDIA GeForce GTX 1050 Ti (ID=0x1c8c)
    Vendor:   
    VRAM:     4018 MB
    Driver:   30.0.14.9676
Initialize mono
Mono path[0] = 'C:/Program Files/Unity/Hub/Editor/2020.3.5f1/Editor/Data/Managed'
Mono path[1] = 'C:/Program Files/Unity/Hub/Editor/2020.3.5f1/Editor/Data/MonoBleedingEdge/lib/mono/unityjit'
Mono config path = 'C:/Program Files/Unity/Hub/Editor/2020.3.5f1/Editor/Data/MonoBleedingEdge/etc'
Using monoOptions --debugger-agent=transport=dt_socket,embedding=1,server=y,suspend=n,address=127.0.0.1:56864
Begin MonoManager ReloadAssembly
Registering precompiled unity dll's ...
Register platform support module: C:/Program Files/Unity/Hub/Editor/2020.3.5f1/Editor/Data/PlaybackEngines/WindowsStandaloneSupport/UnityEditor.WindowsStandalone.Extensions.dll
Registered in 0.002181 seconds.
Native extension for WindowsStandalone target not found
Refreshing native plugins compatible for Editor in 21.26 ms, found 0 plugins.
Preloading 0 native plugins for Editor in 0.00 ms.
Mono: successfully reloaded assembly
- Completed reload, in  1.058 seconds
Platform modules already initialized, skipping
Registering precompiled user dll's ...
Registered in 0.000622 seconds.
Begin MonoManager ReloadAssembly
Native extension for WindowsStandalone target not found
Refreshing native plugins compatible for Editor in 0.19 ms, found 0 plugins.
Preloading 0 native plugins for Editor in 0.00 ms.
Mono: successfully reloaded assembly
- Completed reload, in  0.753 seconds
Platform modules already initialized, skipping
========================================================================
Worker process is ready to serve import requests
Launched and connected shader compiler UnityShaderCompiler.exe after 0.04 seconds
Refreshing native plugins compatible for Editor in 0.32 ms, found 0 plugins.
Preloading 0 native plugins for Editor in 0.00 ms.
Unloading 1129 Unused Serialized files (Serialized files now loaded: 0)
System memory in use before: 57.9 MB.
System memory in use after: 57.9 MB.

Unloading 10 unused Assets to reduce memory usage. Loaded Objects now: 1573.
Total: 1.521500 ms (FindLiveObjects: 0.140800 ms CreateObjectMapping: 0.036000 ms MarkObjects: 1.277600 ms  DeleteObjects: 0.066200 ms)

========================================================================
Received Import Request.
  path: Assets/prefabs/Objects/Bullet/bullet.prefab
  artifactKey: Guid(d26aed1f64ddbc44186f142311839cc4) Importer(815301076,1909f56bfc062723c751e8b465ee728b)
Start importing Assets/prefabs/Objects/Bullet/bullet.prefab using Guid(d26aed1f64ddbc44186f142311839cc4) Importer(815301076,1909f56bfc062723c751e8b465ee728b)  -> (artifact id: '1612383ef9395115d9434857a9495434') in 0.154150 seconds
  Import took 0.170193 seconds .

========================================================================
Received Import Request.
  Time since last request: 56.736007 seconds.
  path: Assets/prefabs/Objects/GenerateurMap/GenerateMap.cs
  artifactKey: Guid(013ae4f715e43dd4d8b6069603b71ef5) Importer(815301076,1909f56bfc062723c751e8b465ee728b)
Start importing Assets/prefabs/Objects/GenerateurMap/GenerateMap.cs using Guid(013ae4f715e43dd4d8b6069603b71ef5) Importer(815301076,1909f56bfc062723c751e8b465ee728b)  -> (artifact id: '7d859c1f2a299dd54543dc3927c6479f') in 0.017601 seconds
  Import took 0.019648 seconds .

========================================================================
Received Import Request.
  Time since last request: 4.954130 seconds.
  path: Assets/prefabs/Objects/GenerateurMap/GenerateMap.cs
  artifactKey: Guid(013ae4f715e43dd4d8b6069603b71ef5) Importer(815301076,1909f56bfc062723c751e8b465ee728b)
Start importing Assets/prefabs/Objects/GenerateurMap/GenerateMap.cs using Guid(013ae4f715e43dd4d8b6069603b71ef5) Importer(815301076,1909f56bfc062723c751e8b465ee728b)  -> (artifact id: '2fe80111eab9881866f418fc36827e08') in 0.002014 seconds
  Import took 0.003981 seconds .

========================================================================
Received Import Request.
  Time since last request: 158.165149 seconds.
  path: Assets/prefabs/Objects/GenerateurMap/GenerateMap.cs
  artifactKey: Guid(013ae4f715e43dd4d8b6069603b71ef5) Importer(815301076,1909f56bfc062723c751e8b465ee728b)
Start importing Assets/prefabs/Objects/GenerateurMap/GenerateMap.cs using Guid(013ae4f715e43dd4d8b6069603b71ef5) Importer(815301076,1909f56bfc062723c751e8b465ee728b)  -> (artifact id: '1f43b0a804c02089ba190320de65b50e') in 0.015829 seconds
  Import took 0.017990 seconds .

========================================================================
Received Import Request.
  Time since last request: 6.694244 seconds.
  path: Assets/prefabs/Objects/GenerateurMap/GenerateMap.cs
  artifactKey: Guid(013ae4f715e43dd4d8b6069603b71ef5) Importer(815301076,1909f56bfc062723c751e8b465ee728b)
Start importing Assets/prefabs/Objects/GenerateurMap/GenerateMap.cs using Guid(013ae4f715e43dd4d8b6069603b71ef5) Importer(815301076,1909f56bfc062723c751e8b465ee728b)  -> (artifact id: '880ae916f1c850847171c8864d18879b') in 0.006417 seconds
  Import took 0.009304 seconds .

========================================================================
Received Import Request.
  Time since last request: 30.927943 seconds.
  path: Assets/prefabs/Objects/GenerateurMap/GenerateMap.cs
  artifactKey: Guid(013ae4f715e43dd4d8b6069603b71ef5) Importer(815301076,1909f56bfc062723c751e8b465ee728b)
Start importing Assets/prefabs/Objects/GenerateurMap/GenerateMap.cs using Guid(013ae4f715e43dd4d8b6069603b71ef5) Importer(815301076,1909f56bfc062723c751e8b465ee728b)  -> (artifact id: '12369f0d2046c8ee087f8691f582939e') in 0.015785 seconds
  Import took 0.017588 seconds .

========================================================================
Received Prepare
Registering precompiled user dll's ...
Registered in 0.000644 seconds.
Begin MonoManager ReloadAssembly
Native extension for WindowsStandalone target not found
Refreshing native plugins compatible for Editor in 0.20 ms, found 0 plugins.
Preloading 0 native plugins for Editor in 0.00 ms.
Mono: successfully reloaded assembly
- Completed reload, in  0.832 seconds
Platform modules already initialized, skipping
Refreshing native plugins compatible for Editor in 0.22 ms, found 0 plugins.
Preloading 0 native plugins for Editor in 0.00 ms.
Unloading 1124 Unused Serialized files (Serialized files now loaded: 0)
System memory in use before: 61.0 MB.
System memory in use after: 61.1 MB.

Unloading 8 unused Assets to reduce memory usage. Loaded Objects now: 1583.
Total: 1.803700 ms (FindLiveObjects: 0.145100 ms CreateObjectMapping: 0.038800 ms MarkObjects: 1.531500 ms  DeleteObjects: 0.087000 ms)

========================================================================
Received Prepare
Registering precompiled user dll's ...
Registered in 0.000696 seconds.
Begin MonoManager ReloadAssembly
Native extension for WindowsStandalone target not found
Refreshing native plugins compatible for Editor in 0.21 ms, found 0 plugins.
Preloading 0 native plugins for Editor in 0.00 ms.
Mono: successfully reloaded assembly
- Completed reload, in  0.791 seconds
Platform modules already initialized, skipping
Refreshing native plugins compatible for Editor in 0.20 ms, found 0 plugins.
Preloading 0 native plugins for Editor in 0.00 ms.
Unloading 1124 Unused Serialized files (Serialized files now loaded: 0)
System memory in use before: 61.0 MB.
System memory in use after: 61.1 MB.

Unloading 5 unused Assets to reduce memory usage. Loaded Objects now: 1586.
Total: 1.633700 ms (FindLiveObjects: 0.140300 ms CreateObjectMapping: 0.039200 ms MarkObjects: 1.409300 ms  DeleteObjects: 0.043600 ms)

========================================================================
Received Prepare
Registering precompiled user dll's ...
Registered in 0.000685 seconds.
Begin MonoManager ReloadAssembly
Native extension for WindowsStandalone target not found
Refreshing native plugins compatible for Editor in 0.50 ms, found 0 plugins.
Preloading 0 native plugins for Editor in 0.00 ms.
Mono: successfully reloaded assembly
- Completed reload, in  0.735 seconds
Platform modules already initialized, skipping
Refreshing native plugins compatible for Editor in 0.19 ms, found 0 plugins.
Preloading 0 native plugins for Editor in 0.00 ms.
Unloading 1124 Unused Serialized files (Serialized files now loaded: 0)
System memory in use before: 61.0 MB.
System memory in use after: 61.1 MB.

Unloading 5 unused Assets to reduce memory usage. Loaded Objects now: 1589.
Total: 3.427900 ms (FindLiveObjects: 0.292800 ms CreateObjectMapping: 0.113800 ms MarkObjects: 2.858900 ms  DeleteObjects: 0.160500 ms)

========================================================================
Received Import Request.
  Time since last request: 392.335352 seconds.
  path: Assets/prefabs/Characters/FrenchSoldier
  artifactKey: Guid(bd1bd9c623ad8b64595e738561ec8e18) Importer(815301076,1909f56bfc062723c751e8b465ee728b)
Start importing Assets/prefabs/Characters/FrenchSoldier using Guid(bd1bd9c623ad8b64595e738561ec8e18) Importer(815301076,1909f56bfc062723c751e8b465ee728b)  -> (artifact id: '4f6b777134d6a9ff0b901e57e85403a4') in 0.011323 seconds
  Import took 0.013597 seconds .

========================================================================
Received Import Request.
  Time since last request: 1557.224263 seconds.
  path: Assets/prefabs/Characters/FrenchSoldier/14.blend
  artifactKey: Guid(b8361014f6766c04bbe8fd8ef7d52a78) Importer(815301076,1909f56bfc062723c751e8b465ee728b)
Start importing Assets/prefabs/Characters/FrenchSoldier/14.blend using Guid(b8361014f6766c04bbe8fd8ef7d52a78) Importer(815301076,1909f56bfc062723c751e8b465ee728b)  -> (artifact id: '47c3af38f61faf4009fbb3a3c7a7261a') in 0.362445 seconds
  Import took 0.365647 seconds .

========================================================================
Received Import Request.
  Time since last request: 29.812848 seconds.
  path: Assets/prefabs/Characters/FrenchSoldier/a.fbx
  artifactKey: Guid(d0122763aea50b744ab2037496b59a91) Importer(815301076,1909f56bfc062723c751e8b465ee728b)
Start importing Assets/prefabs/Characters/FrenchSoldier/a.fbx using Guid(d0122763aea50b744ab2037496b59a91) Importer(815301076,1909f56bfc062723c751e8b465ee728b)  -> (artifact id: '847bb189488b60d1d1ef7154c046113c') in 0.118092 seconds
  Import took 0.121123 seconds .

========================================================================
Received Import Request.
  Time since last request: 523.172259 seconds.
  path: Assets/Scenes/Menu.unity
  artifactKey: Guid(62481d2a90a78a045a8ce05c4536fa82) Importer(815301076,1909f56bfc062723c751e8b465ee728b)
Start importing Assets/Scenes/Menu.unity using Guid(62481d2a90a78a045a8ce05c4536fa82) Importer(815301076,1909f56bfc062723c751e8b465ee728b)  -> (artifact id: '3d20d9f6ca474739b3ad200bb30019fc') in 0.027419 seconds
  Import took 0.030324 seconds .

========================================================================
Received Import Request.
  Time since last request: 22.086989 seconds.
  path: Assets/prefabs/Menu
  artifactKey: Guid(92926695c889b694d890a65f843db48e) Importer(815301076,1909f56bfc062723c751e8b465ee728b)
Start importing Assets/prefabs/Menu using Guid(92926695c889b694d890a65f843db48e) Importer(815301076,1909f56bfc062723c751e8b465ee728b)  -> (artifact id: '56bdc71e814249610b0eb383035d43c4') in 0.011296 seconds
  Import took 0.013833 seconds .

========================================================================
Received Import Request.
  Time since last request: 23.894306 seconds.
  path: Assets/prefabs/Menu/FindAllMaps.cs
  artifactKey: Guid(e346a6820a690b14093b8dacd6cb07c2) Importer(815301076,1909f56bfc062723c751e8b465ee728b)
Start importing Assets/prefabs/Menu/FindAllMaps.cs using Guid(e346a6820a690b14093b8dacd6cb07c2) Importer(815301076,1909f56bfc062723c751e8b465ee728b)  -> (artifact id: 'c49e7d7635b41763c947cc3d15b17463') in 0.026883 seconds
  Import took 0.028787 seconds .

========================================================================
Received Prepare
Registering precompiled user dll's ...
Registered in 0.000575 seconds.
Begin MonoManager ReloadAssembly
Native extension for WindowsStandalone target not found
Refreshing native plugins compatible for Editor in 0.20 ms, found 0 plugins.
Preloading 0 native plugins for Editor in 0.00 ms.
Mono: successfully reloaded assembly
- Completed reload, in  0.758 seconds
Platform modules already initialized, skipping
Refreshing native plugins compatible for Editor in 0.25 ms, found 0 plugins.
Preloading 0 native plugins for Editor in 0.00 ms.
Unloading 1125 Unused Serialized files (Serialized files now loaded: 0)
System memory in use before: 74.9 MB.
System memory in use after: 75.0 MB.

Unloading 5 unused Assets to reduce memory usage. Loaded Objects now: 1631.
Total: 1.703800 ms (FindLiveObjects: 0.124600 ms CreateObjectMapping: 0.034600 ms MarkObjects: 1.501100 ms  DeleteObjects: 0.042200 ms)

========================================================================
Received Prepare
Registering precompiled user dll's ...
Registered in 0.000646 seconds.
Begin MonoManager ReloadAssembly
Native extension for WindowsStandalone target not found
Refreshing native plugins compatible for Editor in 0.23 ms, found 0 plugins.
Preloading 0 native plugins for Editor in 0.00 ms.
Mono: successfully reloaded assembly
- Completed reload, in  0.812 seconds
Platform modules already initialized, skipping
Refreshing native plugins compatible for Editor in 0.34 ms, found 0 plugins.
Preloading 0 native plugins for Editor in 0.00 ms.
Unloading 1124 Unused Serialized files (Serialized files now loaded: 0)
System memory in use before: 74.9 MB.
System memory in use after: 75.0 MB.

Unloading 6 unused Assets to reduce memory usage. Loaded Objects now: 1633.
Total: 1.785900 ms (FindLiveObjects: 0.164000 ms CreateObjectMapping: 0.040500 ms MarkObjects: 1.532300 ms  DeleteObjects: 0.048100 ms)

========================================================================
Received Import Request.
  Time since last request: 26.335995 seconds.
  path: Assets/prefabs/Menu/FindCampaignsAndMaps.cs
  artifactKey: Guid(74ffc55c941400545a222c1cfe936be0) Importer(815301076,1909f56bfc062723c751e8b465ee728b)
Start importing Assets/prefabs/Menu/FindCampaignsAndMaps.cs using Guid(74ffc55c941400545a222c1cfe936be0) Importer(815301076,1909f56bfc062723c751e8b465ee728b)  -> (artifact id: '4436bff2c8558672eb9b66ff313c5c4e') in 0.013762 seconds
  Import took 0.015841 seconds .

========================================================================
Received Prepare
Registering precompiled user dll's ...
Registered in 0.000603 seconds.
Begin MonoManager ReloadAssembly
Native extension for WindowsStandalone target not found
Refreshing native plugins compatible for Editor in 0.22 ms, found 0 plugins.
Preloading 0 native plugins for Editor in 0.00 ms.
Mono: successfully reloaded assembly
- Completed reload, in  0.761 seconds
Platform modules already initialized, skipping
Refreshing native plugins compatible for Editor in 0.24 ms, found 0 plugins.
Preloading 0 native plugins for Editor in 0.00 ms.
Unloading 1125 Unused Serialized files (Serialized files now loaded: 0)
System memory in use before: 75.0 MB.
System memory in use after: 75.0 MB.

Unloading 5 unused Assets to reduce memory usage. Loaded Objects now: 1637.
Total: 1.819500 ms (FindLiveObjects: 0.128500 ms CreateObjectMapping: 0.039500 ms MarkObjects: 1.599300 ms  DeleteObjects: 0.051100 ms)

========================================================================
Received Import Request.
  Time since last request: 16.381345 seconds.
  path: Assets/prefabs/Menu/Menu.prefab
  artifactKey: Guid(83e61faf5cdea044789515ac26345001) Importer(815301076,1909f56bfc062723c751e8b465ee728b)
Start importing Assets/prefabs/Menu/Menu.prefab using Guid(83e61faf5cdea044789515ac26345001) Importer(815301076,1909f56bfc062723c751e8b465ee728b)  -> (artifact id: 'e53f191104f36f03d4fc2570b34fdd3f') in 0.042905 seconds
  Import took 0.045389 seconds .

========================================================================
Received Import Request.
  Time since last request: 11.230223 seconds.
  path: Assets/prefabs/Menu/Menu.cs
  artifactKey: Guid(8aa866a9ae960654090d5d67aad5ccec) Importer(815301076,1909f56bfc062723c751e8b465ee728b)
Start importing Assets/prefabs/Menu/Menu.cs using Guid(8aa866a9ae960654090d5d67aad5ccec) Importer(815301076,1909f56bfc062723c751e8b465ee728b)  -> (artifact id: '634881cf004f7ab30f5ce438d1070730') in 0.005196 seconds
  Import took 0.008760 seconds .

========================================================================
Received Prepare
Registering precompiled user dll's ...
Registered in 0.000619 seconds.
Begin MonoManager ReloadAssembly
Native extension for WindowsStandalone target not found
Refreshing native plugins compatible for Editor in 0.20 ms, found 0 plugins.
Preloading 0 native plugins for Editor in 0.00 ms.
Mono: successfully reloaded assembly
- Completed reload, in  0.779 seconds
Platform modules already initialized, skipping
Refreshing native plugins compatible for Editor in 0.23 ms, found 0 plugins.
Preloading 0 native plugins for Editor in 0.00 ms.
Unloading 1126 Unused Serialized files (Serialized files now loaded: 0)
System memory in use before: 75.0 MB.
System memory in use after: 75.1 MB.

Unloading 5 unused Assets to reduce memory usage. Loaded Objects now: 1641.
Total: 1.900900 ms (FindLiveObjects: 0.134500 ms CreateObjectMapping: 0.038800 ms MarkObjects: 1.680600 ms  DeleteObjects: 0.045900 ms)

========================================================================
Received Import Request.
  Time since last request: 14.981096 seconds.
  path: Assets/prefabs/Menu/Menu.prefab
  artifactKey: Guid(83e61faf5cdea044789515ac26345001) Importer(815301076,1909f56bfc062723c751e8b465ee728b)
Start importing Assets/prefabs/Menu/Menu.prefab using Guid(83e61faf5cdea044789515ac26345001) Importer(815301076,1909f56bfc062723c751e8b465ee728b)  -> (artifact id: '675b6a8e9840ab2f97aa1bd97f9c2645') in 0.038508 seconds
  Import took 0.040783 seconds .

========================================================================
Received Import Request.
  Time since last request: 34.399318 seconds.
  path: Assets/prefabs/Menu/Menu.prefab
  artifactKey: Guid(83e61faf5cdea044789515ac26345001) Importer(815301076,1909f56bfc062723c751e8b465ee728b)
Start importing Assets/prefabs/Menu/Menu.prefab using Guid(83e61faf5cdea044789515ac26345001) Importer(815301076,1909f56bfc062723c751e8b465ee728b)  -> (artifact id: '102545eabf5df7f5a7075917563c2eae') in 0.006926 seconds
  Import took 0.009191 seconds .

========================================================================
Received Import Request.
  Time since last request: 215.613490 seconds.
  path: Assets/prefabs/Menu/Menu.prefab
  artifactKey: Guid(83e61faf5cdea044789515ac26345001) Importer(815301076,1909f56bfc062723c751e8b465ee728b)
Start importing Assets/prefabs/Menu/Menu.prefab using Guid(83e61faf5cdea044789515ac26345001) Importer(815301076,1909f56bfc062723c751e8b465ee728b)  -> (artifact id: '5d08ebcc89a95b9808eb007552fc522c') in 0.050506 seconds
  Import took 0.053313 seconds .

========================================================================
Received Import Request.
  Time since last request: 60.802236 seconds.
  path: Assets/prefabs/Menu/Menu.prefab
  artifactKey: Guid(83e61faf5cdea044789515ac26345001) Importer(815301076,1909f56bfc062723c751e8b465ee728b)
Start importing Assets/prefabs/Menu/Menu.prefab using Guid(83e61faf5cdea044789515ac26345001) Importer(815301076,1909f56bfc062723c751e8b465ee728b)  -> (artifact id: 'ecb5bbf585d1b13ebe7890524912080c') in 0.014466 seconds
  Import took 0.016550 seconds .

========================================================================
Received Import Request.
  Time since last request: 1.985837 seconds.
  path: Assets/prefabs/Menu/Menu.prefab
  artifactKey: Guid(83e61faf5cdea044789515ac26345001) Importer(815301076,1909f56bfc062723c751e8b465ee728b)
Start importing Assets/prefabs/Menu/Menu.prefab using Guid(83e61faf5cdea044789515ac26345001) Importer(815301076,1909f56bfc062723c751e8b465ee728b)  -> (artifact id: '662e6636a766eb8b55e23307cc89f3fd') in 0.004541 seconds
  Import took 0.006768 seconds .

========================================================================
Received Import Request.
  Time since last request: 3.214098 seconds.
  path: Assets/prefabs/Menu/Menu.prefab
  artifactKey: Guid(83e61faf5cdea044789515ac26345001) Importer(815301076,1909f56bfc062723c751e8b465ee728b)
Start importing Assets/prefabs/Menu/Menu.prefab using Guid(83e61faf5cdea044789515ac26345001) Importer(815301076,1909f56bfc062723c751e8b465ee728b)  -> (artifact id: 'acdae89ef9a42a953e81f6c3881fdc22') in 0.005450 seconds
  Import took 0.008363 seconds .

========================================================================
Received Import Request.
  Time since last request: 4.495472 seconds.
  path: Assets/prefabs/Menu/Menu.prefab
  artifactKey: Guid(83e61faf5cdea044789515ac26345001) Importer(815301076,1909f56bfc062723c751e8b465ee728b)
Start importing Assets/prefabs/Menu/Menu.prefab using Guid(83e61faf5cdea044789515ac26345001) Importer(815301076,1909f56bfc062723c751e8b465ee728b)  -> (artifact id: 'ef4173733c2afd9a40d6e66e94a475e7') in 0.005868 seconds
  Import took 0.009088 seconds .

========================================================================
Received Import Request.
  Time since last request: 21.537447 seconds.
  path: Assets/prefabs/Menu/Menu.prefab
  artifactKey: Guid(83e61faf5cdea044789515ac26345001) Importer(815301076,1909f56bfc062723c751e8b465ee728b)
Start importing Assets/prefabs/Menu/Menu.prefab using Guid(83e61faf5cdea044789515ac26345001) Importer(815301076,1909f56bfc062723c751e8b465ee728b)  -> (artifact id: '7864989363eada7172c11d7b5edbcf4c') in 0.005656 seconds
  Import took 0.008318 seconds .

========================================================================
Received Import Request.
  Time since last request: 1.434950 seconds.
  path: Assets/prefabs/Menu/Menu.prefab
  artifactKey: Guid(83e61faf5cdea044789515ac26345001) Importer(815301076,1909f56bfc062723c751e8b465ee728b)
Start importing Assets/prefabs/Menu/Menu.prefab using Guid(83e61faf5cdea044789515ac26345001) Importer(815301076,1909f56bfc062723c751e8b465ee728b)  -> (artifact id: 'e27b0b247b32d0413ecff6f4e1256dbf') in 0.007091 seconds
  Import took 0.009457 seconds .

========================================================================
Received Import Request.
  Time since last request: 1.384185 seconds.
  path: Assets/prefabs/Menu/Menu.prefab
  artifactKey: Guid(83e61faf5cdea044789515ac26345001) Importer(815301076,1909f56bfc062723c751e8b465ee728b)
Start importing Assets/prefabs/Menu/Menu.prefab using Guid(83e61faf5cdea044789515ac26345001) Importer(815301076,1909f56bfc062723c751e8b465ee728b)  -> (artifact id: 'a322f838edd7c51b15b0c0b2fc557b44') in 0.007795 seconds
  Import took 0.010076 seconds .

========================================================================
Received Import Request.
  Time since last request: 2.362147 seconds.
  path: Assets/prefabs/Menu/Menu.prefab
  artifactKey: Guid(83e61faf5cdea044789515ac26345001) Importer(815301076,1909f56bfc062723c751e8b465ee728b)
Start importing Assets/prefabs/Menu/Menu.prefab using Guid(83e61faf5cdea044789515ac26345001) Importer(815301076,1909f56bfc062723c751e8b465ee728b)  -> (artifact id: 'f1ad3ac51f802e905b577cc0d9ad5ed5') in 0.004992 seconds
  Import took 0.008013 seconds .

========================================================================
Received Import Request.
  Time since last request: 27.035821 seconds.
  path: Assets/prefabs/Menu/Menu.prefab
  artifactKey: Guid(83e61faf5cdea044789515ac26345001) Importer(815301076,1909f56bfc062723c751e8b465ee728b)
Start importing Assets/prefabs/Menu/Menu.prefab using Guid(83e61faf5cdea044789515ac26345001) Importer(815301076,1909f56bfc062723c751e8b465ee728b)  -> (artifact id: '484993678fc4c84b3c32a1ef7d028e88') in 0.005959 seconds
  Import took 0.008189 seconds .

========================================================================
Received Import Request.
  Time since last request: 5.416012 seconds.
  path: Assets/prefabs/Menu/Menu.prefab
  artifactKey: Guid(83e61faf5cdea044789515ac26345001) Importer(815301076,1909f56bfc062723c751e8b465ee728b)
Start importing Assets/prefabs/Menu/Menu.prefab using Guid(83e61faf5cdea044789515ac26345001) Importer(815301076,1909f56bfc062723c751e8b465ee728b)  -> (artifact id: '8bd6e84a6a1c0d1b1ffa5df1cc126a43') in 0.004538 seconds
  Import took 0.006873 seconds .

========================================================================
Received Import Request.
  Time since last request: 2.611013 seconds.
  path: Assets/prefabs/Menu/Menu.prefab
  artifactKey: Guid(83e61faf5cdea044789515ac26345001) Importer(815301076,1909f56bfc062723c751e8b465ee728b)
Start importing Assets/prefabs/Menu/Menu.prefab using Guid(83e61faf5cdea044789515ac26345001) Importer(815301076,1909f56bfc062723c751e8b465ee728b)  -> (artifact id: '40e04cdec6741ef3294174ba36608e2f') in 0.004961 seconds
  Import took 0.007029 seconds .

========================================================================
Received Import Request.
  Time since last request: 2.415780 seconds.
  path: Assets/prefabs/Menu/Menu.prefab
  artifactKey: Guid(83e61faf5cdea044789515ac26345001) Importer(815301076,1909f56bfc062723c751e8b465ee728b)
Start importing Assets/prefabs/Menu/Menu.prefab using Guid(83e61faf5cdea044789515ac26345001) Importer(815301076,1909f56bfc062723c751e8b465ee728b)  -> (artifact id: 'ddfe729405a5a1784a54abb3ec83a98d') in 0.004879 seconds
  Import took 0.007613 seconds .

========================================================================
Received Import Request.
  Time since last request: 4.214830 seconds.
  path: Assets/prefabs/Menu/Menu.prefab
  artifactKey: Guid(83e61faf5cdea044789515ac26345001) Importer(815301076,1909f56bfc062723c751e8b465ee728b)
Start importing Assets/prefabs/Menu/Menu.prefab using Guid(83e61faf5cdea044789515ac26345001) Importer(815301076,1909f56bfc062723c751e8b465ee728b)  -> (artifact id: 'ff8941c2c2b4ea80273383d8d8f453fe') in 0.004810 seconds
  Import took 0.006976 seconds .

========================================================================
Received Import Request.
  Time since last request: 4.442435 seconds.
  path: Assets/prefabs/Menu/Menu.prefab
  artifactKey: Guid(83e61faf5cdea044789515ac26345001) Importer(815301076,1909f56bfc062723c751e8b465ee728b)
Start importing Assets/prefabs/Menu/Menu.prefab using Guid(83e61faf5cdea044789515ac26345001) Importer(815301076,1909f56bfc062723c751e8b465ee728b)  -> (artifact id: '791584702312a7375ccee912acd89741') in 0.004900 seconds
  Import took 0.007177 seconds .

========================================================================
Received Import Request.
  Time since last request: 4.108239 seconds.
  path: Assets/prefabs/Menu/Menu.prefab
  artifactKey: Guid(83e61faf5cdea044789515ac26345001) Importer(815301076,1909f56bfc062723c751e8b465ee728b)
Start importing Assets/prefabs/Menu/Menu.prefab using Guid(83e61faf5cdea044789515ac26345001) Importer(815301076,1909f56bfc062723c751e8b465ee728b)  -> (artifact id: 'a75d8316c12d134b4ceb510e358d5acf') in 0.005509 seconds
  Import took 0.009140 seconds .

========================================================================
Received Import Request.
  Time since last request: 5.184286 seconds.
  path: Assets/prefabs/Menu/Menu.prefab
  artifactKey: Guid(83e61faf5cdea044789515ac26345001) Importer(815301076,1909f56bfc062723c751e8b465ee728b)
Start importing Assets/prefabs/Menu/Menu.prefab using Guid(83e61faf5cdea044789515ac26345001) Importer(815301076,1909f56bfc062723c751e8b465ee728b)  -> (artifact id: 'e13801e251d57e348bc7c72a0d474f87') in 0.005124 seconds
  Import took 0.007163 seconds .

========================================================================
Received Import Request.
  Time since last request: 9.293668 seconds.
  path: Assets/prefabs/Menu/Menu.prefab
  artifactKey: Guid(83e61faf5cdea044789515ac26345001) Importer(815301076,1909f56bfc062723c751e8b465ee728b)
Start importing Assets/prefabs/Menu/Menu.prefab using Guid(83e61faf5cdea044789515ac26345001) Importer(815301076,1909f56bfc062723c751e8b465ee728b)  -> (artifact id: '571e9b9708c0e649324a550d85471e41') in 0.006548 seconds
  Import took 0.008964 seconds .

========================================================================
Received Import Request.
  Time since last request: 5.781685 seconds.
  path: Assets/prefabs/Menu/Menu.prefab
  artifactKey: Guid(83e61faf5cdea044789515ac26345001) Importer(815301076,1909f56bfc062723c751e8b465ee728b)
Start importing Assets/prefabs/Menu/Menu.prefab using Guid(83e61faf5cdea044789515ac26345001) Importer(815301076,1909f56bfc062723c751e8b465ee728b)  -> (artifact id: '11d56699346af7fffb327bfe14c952ae') in 0.005526 seconds
  Import took 0.007689 seconds .

========================================================================
Received Import Request.
  Time since last request: 53.852499 seconds.
  path: Assets/prefabs/Menu/Menu.prefab
  artifactKey: Guid(83e61faf5cdea044789515ac26345001) Importer(815301076,1909f56bfc062723c751e8b465ee728b)
Start importing Assets/prefabs/Menu/Menu.prefab using Guid(83e61faf5cdea044789515ac26345001) Importer(815301076,1909f56bfc062723c751e8b465ee728b)  -> (artifact id: '797e95efaee180d9ab14865e61860eca') in 0.008614 seconds
  Import took 0.011262 seconds .

========================================================================
Received Import Request.
  Time since last request: 4.696175 seconds.
  path: Assets/prefabs/Menu/Menu.prefab
  artifactKey: Guid(83e61faf5cdea044789515ac26345001) Importer(815301076,1909f56bfc062723c751e8b465ee728b)
Start importing Assets/prefabs/Menu/Menu.prefab using Guid(83e61faf5cdea044789515ac26345001) Importer(815301076,1909f56bfc062723c751e8b465ee728b)  -> (artifact id: '999f92f80d7b9c7f521b648c147b3936') in 0.005797 seconds
  Import took 0.008376 seconds .

========================================================================
Received Import Request.
  Time since last request: 5.962364 seconds.
  path: Assets/prefabs/Menu/Menu.prefab
  artifactKey: Guid(83e61faf5cdea044789515ac26345001) Importer(815301076,1909f56bfc062723c751e8b465ee728b)
Start importing Assets/prefabs/Menu/Menu.prefab using Guid(83e61faf5cdea044789515ac26345001) Importer(815301076,1909f56bfc062723c751e8b465ee728b)  -> (artifact id: '890a9228eca748608ef5d698a45ad37d') in 0.005365 seconds
  Import took 0.007850 seconds .

========================================================================
Received Import Request.
  Time since last request: 6.202306 seconds.
  path: Assets/prefabs/Menu/Menu.prefab
  artifactKey: Guid(83e61faf5cdea044789515ac26345001) Importer(815301076,1909f56bfc062723c751e8b465ee728b)
Start importing Assets/prefabs/Menu/Menu.prefab using Guid(83e61faf5cdea044789515ac26345001) Importer(815301076,1909f56bfc062723c751e8b465ee728b)  -> (artifact id: 'fa14cdac413420834f1ee9f1da2da745') in 0.005319 seconds
  Import took 0.007929 seconds .

========================================================================
Received Import Request.
  Time since last request: 15.636434 seconds.
  path: Assets/prefabs/Menu/Menu.prefab
  artifactKey: Guid(83e61faf5cdea044789515ac26345001) Importer(815301076,1909f56bfc062723c751e8b465ee728b)
Start importing Assets/prefabs/Menu/Menu.prefab using Guid(83e61faf5cdea044789515ac26345001) Importer(815301076,1909f56bfc062723c751e8b465ee728b)  -> (artifact id: '2e923a84f83d8fc97bb216a855693624') in 0.005741 seconds
  Import took 0.007942 seconds .

========================================================================
Received Import Request.
  Time since last request: 18.427255 seconds.
  path: Assets/prefabs/Menu/Menu.prefab
  artifactKey: Guid(83e61faf5cdea044789515ac26345001) Importer(815301076,1909f56bfc062723c751e8b465ee728b)
Start importing Assets/prefabs/Menu/Menu.prefab using Guid(83e61faf5cdea044789515ac26345001) Importer(815301076,1909f56bfc062723c751e8b465ee728b)  -> (artifact id: '0a90a82e8c0c8054fc546fc292dacdde') in 0.005225 seconds
  Import took 0.007451 seconds .

========================================================================
Received Import Request.
  Time since last request: 10.411007 seconds.
  path: Assets/prefabs/Menu/Menu.prefab
  artifactKey: Guid(83e61faf5cdea044789515ac26345001) Importer(815301076,1909f56bfc062723c751e8b465ee728b)
Start importing Assets/prefabs/Menu/Menu.prefab using Guid(83e61faf5cdea044789515ac26345001) Importer(815301076,1909f56bfc062723c751e8b465ee728b)  -> (artifact id: 'eae90e3625698dac3646d9942d9f0ad6') in 0.005289 seconds
  Import took 0.008465 seconds .

========================================================================
Received Import Request.
  Time since last request: 4.206032 seconds.
  path: Assets/prefabs/Menu/Menu.prefab
  artifactKey: Guid(83e61faf5cdea044789515ac26345001) Importer(815301076,1909f56bfc062723c751e8b465ee728b)
Start importing Assets/prefabs/Menu/Menu.prefab using Guid(83e61faf5cdea044789515ac26345001) Importer(815301076,1909f56bfc062723c751e8b465ee728b)  -> (artifact id: 'e28d2fe2dd5548ebaed53a48ba262486') in 0.004622 seconds
  Import took 0.007308 seconds .

========================================================================
Received Import Request.
  Time since last request: 11.551541 seconds.
  path: Assets/prefabs/Menu/Menu.prefab
  artifactKey: Guid(83e61faf5cdea044789515ac26345001) Importer(815301076,1909f56bfc062723c751e8b465ee728b)
Start importing Assets/prefabs/Menu/Menu.prefab using Guid(83e61faf5cdea044789515ac26345001) Importer(815301076,1909f56bfc062723c751e8b465ee728b)  -> (artifact id: '33f881228b0d5026d6a7a60a7db6f7cf') in 0.006534 seconds
  Import took 0.009848 seconds .

========================================================================
Received Import Request.
  Time since last request: 13.380455 seconds.
  path: Assets/prefabs/Menu/Menu.prefab
  artifactKey: Guid(83e61faf5cdea044789515ac26345001) Importer(815301076,1909f56bfc062723c751e8b465ee728b)
Start importing Assets/prefabs/Menu/Menu.prefab using Guid(83e61faf5cdea044789515ac26345001) Importer(815301076,1909f56bfc062723c751e8b465ee728b)  -> (artifact id: '2d21a81aa8ecebe9c2b34a75df8f7770') in 0.021316 seconds
  Import took 0.023796 seconds .

========================================================================
Received Import Request.
  Time since last request: 2.001138 seconds.
  path: Assets/prefabs/Menu/Menu.prefab
  artifactKey: Guid(83e61faf5cdea044789515ac26345001) Importer(815301076,1909f56bfc062723c751e8b465ee728b)
Start importing Assets/prefabs/Menu/Menu.prefab using Guid(83e61faf5cdea044789515ac26345001) Importer(815301076,1909f56bfc062723c751e8b465ee728b)  -> (artifact id: '07f2c2270bac96c9961871c28671f047') in 0.009390 seconds
  Import took 0.011954 seconds .

========================================================================
Received Import Request.
  Time since last request: 8.687092 seconds.
  path: Assets/prefabs/Menu/Menu.prefab
  artifactKey: Guid(83e61faf5cdea044789515ac26345001) Importer(815301076,1909f56bfc062723c751e8b465ee728b)
Start importing Assets/prefabs/Menu/Menu.prefab using Guid(83e61faf5cdea044789515ac26345001) Importer(815301076,1909f56bfc062723c751e8b465ee728b)  -> (artifact id: '7c81fae2b0e264088629432e99a1eb6a') in 0.005694 seconds
  Import took 0.008129 seconds .

========================================================================
Received Import Request.
  Time since last request: 1.626344 seconds.
  path: Assets/prefabs/Menu/Menu.prefab
  artifactKey: Guid(83e61faf5cdea044789515ac26345001) Importer(815301076,1909f56bfc062723c751e8b465ee728b)
Start importing Assets/prefabs/Menu/Menu.prefab using Guid(83e61faf5cdea044789515ac26345001) Importer(815301076,1909f56bfc062723c751e8b465ee728b)  -> (artifact id: '440ac535cd3467645e1612bba16946d1') in 0.005039 seconds
  Import took 0.007352 seconds .

========================================================================
Received Import Request.
  Time since last request: 4.866061 seconds.
  path: Assets/prefabs/Menu/Menu.prefab
  artifactKey: Guid(83e61faf5cdea044789515ac26345001) Importer(815301076,1909f56bfc062723c751e8b465ee728b)
Start importing Assets/prefabs/Menu/Menu.prefab using Guid(83e61faf5cdea044789515ac26345001) Importer(815301076,1909f56bfc062723c751e8b465ee728b)  -> (artifact id: '653b70a2c3cf59c94406e93c2dd3f83c') in 0.006335 seconds
  Import took 0.008666 seconds .

========================================================================
Received Import Request.
  Time since last request: 2.165270 seconds.
  path: Assets/prefabs/Menu/Menu.prefab
  artifactKey: Guid(83e61faf5cdea044789515ac26345001) Importer(815301076,1909f56bfc062723c751e8b465ee728b)
Start importing Assets/prefabs/Menu/Menu.prefab using Guid(83e61faf5cdea044789515ac26345001) Importer(815301076,1909f56bfc062723c751e8b465ee728b)  -> (artifact id: '83c9bccc0b63af18a7052b8935a2ce13') in 0.005132 seconds
  Import took 0.007382 seconds .

========================================================================
Received Import Request.
  Time since last request: 2.242436 seconds.
  path: Assets/prefabs/Menu/Menu.prefab
  artifactKey: Guid(83e61faf5cdea044789515ac26345001) Importer(815301076,1909f56bfc062723c751e8b465ee728b)
Start importing Assets/prefabs/Menu/Menu.prefab using Guid(83e61faf5cdea044789515ac26345001) Importer(815301076,1909f56bfc062723c751e8b465ee728b)  -> (artifact id: '19f9249c8f29d261ca19663e0e8bf9e4') in 0.005236 seconds
  Import took 0.007534 seconds .

========================================================================
Received Import Request.
  Time since last request: 3.215769 seconds.
  path: Assets/prefabs/Menu/Menu.prefab
  artifactKey: Guid(83e61faf5cdea044789515ac26345001) Importer(815301076,1909f56bfc062723c751e8b465ee728b)
Start importing Assets/prefabs/Menu/Menu.prefab using Guid(83e61faf5cdea044789515ac26345001) Importer(815301076,1909f56bfc062723c751e8b465ee728b)  -> (artifact id: 'ec9307a234e8465b77050e137f1d6baa') in 0.006126 seconds
  Import took 0.008414 seconds .

========================================================================
Received Import Request.
  Time since last request: 15.795041 seconds.
  path: Assets/prefabs/Menu/Menu.prefab
  artifactKey: Guid(83e61faf5cdea044789515ac26345001) Importer(815301076,1909f56bfc062723c751e8b465ee728b)
Start importing Assets/prefabs/Menu/Menu.prefab using Guid(83e61faf5cdea044789515ac26345001) Importer(815301076,1909f56bfc062723c751e8b465ee728b)  -> (artifact id: 'f3494e95f2281d1338c15e9106141873') in 0.005633 seconds
  Import took 0.007748 seconds .

========================================================================
Received Import Request.
  Time since last request: 17.541776 seconds.
  path: Assets/prefabs/Menu/Menu.prefab
  artifactKey: Guid(83e61faf5cdea044789515ac26345001) Importer(815301076,1909f56bfc062723c751e8b465ee728b)
Start importing Assets/prefabs/Menu/Menu.prefab using Guid(83e61faf5cdea044789515ac26345001) Importer(815301076,1909f56bfc062723c751e8b465ee728b)  -> (artifact id: '279ce1469a7d9cdca1e888f916960862') in 0.005662 seconds
  Import took 0.008536 seconds .

========================================================================
Received Import Request.
  Time since last request: 7.095815 seconds.
  path: Assets/prefabs/Menu/Menu.prefab
  artifactKey: Guid(83e61faf5cdea044789515ac26345001) Importer(815301076,1909f56bfc062723c751e8b465ee728b)
Start importing Assets/prefabs/Menu/Menu.prefab using Guid(83e61faf5cdea044789515ac26345001) Importer(815301076,1909f56bfc062723c751e8b465ee728b)  -> (artifact id: 'b00f73036a95bf2ae06c0c3829d14edf') in 0.005025 seconds
  Import took 0.007163 seconds .

========================================================================
Received Import Request.
  Time since last request: 3.972746 seconds.
  path: Assets/prefabs/Menu/Menu.prefab
  artifactKey: Guid(83e61faf5cdea044789515ac26345001) Importer(815301076,1909f56bfc062723c751e8b465ee728b)
Start importing Assets/prefabs/Menu/Menu.prefab using Guid(83e61faf5cdea044789515ac26345001) Importer(815301076,1909f56bfc062723c751e8b465ee728b)  -> (artifact id: '80ebb6e91173f71f5372aaff6fc5536c') in 0.005515 seconds
  Import took 0.007984 seconds .

========================================================================
Received Import Request.
  Time since last request: 3.269555 seconds.
  path: Assets/prefabs/Menu/Menu.prefab
  artifactKey: Guid(83e61faf5cdea044789515ac26345001) Importer(815301076,1909f56bfc062723c751e8b465ee728b)
Start importing Assets/prefabs/Menu/Menu.prefab using Guid(83e61faf5cdea044789515ac26345001) Importer(815301076,1909f56bfc062723c751e8b465ee728b)  -> (artifact id: '77ff629d017ba376402cda995d10ab0f') in 0.005612 seconds
  Import took 0.008094 seconds .

========================================================================
Received Import Request.
  Time since last request: 3.784787 seconds.
  path: Assets/prefabs/Menu/Menu.prefab
  artifactKey: Guid(83e61faf5cdea044789515ac26345001) Importer(815301076,1909f56bfc062723c751e8b465ee728b)
Start importing Assets/prefabs/Menu/Menu.prefab using Guid(83e61faf5cdea044789515ac26345001) Importer(815301076,1909f56bfc062723c751e8b465ee728b)  -> (artifact id: '0c6e980ca45631b23df1bd4e17b0c698') in 0.006802 seconds
  Import took 0.009226 seconds .

========================================================================
Received Import Request.
  Time since last request: 2.436707 seconds.
  path: Assets/prefabs/Menu/Menu.prefab
  artifactKey: Guid(83e61faf5cdea044789515ac26345001) Importer(815301076,1909f56bfc062723c751e8b465ee728b)
Start importing Assets/prefabs/Menu/Menu.prefab using Guid(83e61faf5cdea044789515ac26345001) Importer(815301076,1909f56bfc062723c751e8b465ee728b)  -> (artifact id: '21fcd34b0e1072491916b3a698f9149f') in 0.006099 seconds
  Import took 0.008421 seconds .

========================================================================
Received Import Request.
  Time since last request: 1.962665 seconds.
  path: Assets/prefabs/Menu/Menu.prefab
  artifactKey: Guid(83e61faf5cdea044789515ac26345001) Importer(815301076,1909f56bfc062723c751e8b465ee728b)
Start importing Assets/prefabs/Menu/Menu.prefab using Guid(83e61faf5cdea044789515ac26345001) Importer(815301076,1909f56bfc062723c751e8b465ee728b)  -> (artifact id: '82be018f3a78539134a5929da748e8a9') in 0.004778 seconds
  Import took 0.007458 seconds .

========================================================================
Received Import Request.
  Time since last request: 1.192380 seconds.
  path: Assets/prefabs/Menu/Menu.prefab
  artifactKey: Guid(83e61faf5cdea044789515ac26345001) Importer(815301076,1909f56bfc062723c751e8b465ee728b)
Start importing Assets/prefabs/Menu/Menu.prefab using Guid(83e61faf5cdea044789515ac26345001) Importer(815301076,1909f56bfc062723c751e8b465ee728b)  -> (artifact id: '02d2bdb218da5faa2218e29846ee6de9') in 0.005121 seconds
  Import took 0.007355 seconds .

========================================================================
Received Import Request.
  Time since last request: 1.358301 seconds.
  path: Assets/prefabs/Menu/Menu.prefab
  artifactKey: Guid(83e61faf5cdea044789515ac26345001) Importer(815301076,1909f56bfc062723c751e8b465ee728b)
Start importing Assets/prefabs/Menu/Menu.prefab using Guid(83e61faf5cdea044789515ac26345001) Importer(815301076,1909f56bfc062723c751e8b465ee728b)  -> (artifact id: '130ff9824ecb3b2594a526b294009d93') in 0.005977 seconds
  Import took 0.008596 seconds .

========================================================================
Received Import Request.
  Time since last request: 10.065871 seconds.
  path: Assets/prefabs/Menu/Menu.prefab
  artifactKey: Guid(83e61faf5cdea044789515ac26345001) Importer(815301076,1909f56bfc062723c751e8b465ee728b)
Start importing Assets/prefabs/Menu/Menu.prefab using Guid(83e61faf5cdea044789515ac26345001) Importer(815301076,1909f56bfc062723c751e8b465ee728b)  -> (artifact id: '86cbe7c0f019101eefb3486c6ec4660e') in 0.005524 seconds
  Import took 0.007608 seconds .

========================================================================
Received Import Request.
  Time since last request: 21.223822 seconds.
  path: Assets/prefabs/Menu/Menu.prefab
  artifactKey: Guid(83e61faf5cdea044789515ac26345001) Importer(815301076,1909f56bfc062723c751e8b465ee728b)
Start importing Assets/prefabs/Menu/Menu.prefab using Guid(83e61faf5cdea044789515ac26345001) Importer(815301076,1909f56bfc062723c751e8b465ee728b)  -> (artifact id: '97593f815fac1a270aaebf56923538b5') in 0.005766 seconds
  Import took 0.007856 seconds .

========================================================================
Received Import Request.
  Time since last request: 4.371333 seconds.
  path: Assets/prefabs/Menu/Menu.prefab
  artifactKey: Guid(83e61faf5cdea044789515ac26345001) Importer(815301076,1909f56bfc062723c751e8b465ee728b)
Start importing Assets/prefabs/Menu/Menu.prefab using Guid(83e61faf5cdea044789515ac26345001) Importer(815301076,1909f56bfc062723c751e8b465ee728b)  -> (artifact id: '033ce4f79afdae80d89878b18487a73f') in 0.005411 seconds
  Import took 0.007989 seconds .

========================================================================
Received Import Request.
  Time since last request: 2.229042 seconds.
  path: Assets/prefabs/Menu/Menu.prefab
  artifactKey: Guid(83e61faf5cdea044789515ac26345001) Importer(815301076,1909f56bfc062723c751e8b465ee728b)
Start importing Assets/prefabs/Menu/Menu.prefab using Guid(83e61faf5cdea044789515ac26345001) Importer(815301076,1909f56bfc062723c751e8b465ee728b)  -> (artifact id: 'bef06196c8ae2b91547d9e4ffbe3c6e8') in 0.005484 seconds
  Import took 0.007907 seconds .

========================================================================
Received Import Request.
  Time since last request: 15.186970 seconds.
  path: Assets/prefabs/Menu/Menu.prefab
  artifactKey: Guid(83e61faf5cdea044789515ac26345001) Importer(815301076,1909f56bfc062723c751e8b465ee728b)
Start importing Assets/prefabs/Menu/Menu.prefab using Guid(83e61faf5cdea044789515ac26345001) Importer(815301076,1909f56bfc062723c751e8b465ee728b)  -> (artifact id: '007f59d4d2bf9802b775ee9599ff7a49') in 0.006279 seconds
  Import took 0.008485 seconds .

========================================================================
Received Import Request.
  Time since last request: 8.764878 seconds.
  path: Assets/prefabs/Menu/Menu.prefab
  artifactKey: Guid(83e61faf5cdea044789515ac26345001) Importer(815301076,1909f56bfc062723c751e8b465ee728b)
Start importing Assets/prefabs/Menu/Menu.prefab using Guid(83e61faf5cdea044789515ac26345001) Importer(815301076,1909f56bfc062723c751e8b465ee728b)  -> (artifact id: '1325141cb84374ddd98effc7762251fd') in 0.005362 seconds
  Import took 0.007687 seconds .

========================================================================
Received Import Request.
  Time since last request: 12.859143 seconds.
  path: Assets/prefabs/Menu/Menu.prefab
  artifactKey: Guid(83e61faf5cdea044789515ac26345001) Importer(815301076,1909f56bfc062723c751e8b465ee728b)
Start importing Assets/prefabs/Menu/Menu.prefab using Guid(83e61faf5cdea044789515ac26345001) Importer(815301076,1909f56bfc062723c751e8b465ee728b)  -> (artifact id: 'a5f24d54d540d250b1cd9cf8661c2515') in 0.006377 seconds
  Import took 0.008835 seconds .

========================================================================
Received Import Request.
  Time since last request: 12.815150 seconds.
  path: Assets/prefabs/Menu/Menu.prefab
  artifactKey: Guid(83e61faf5cdea044789515ac26345001) Importer(815301076,1909f56bfc062723c751e8b465ee728b)
Start importing Assets/prefabs/Menu/Menu.prefab using Guid(83e61faf5cdea044789515ac26345001) Importer(815301076,1909f56bfc062723c751e8b465ee728b)  -> (artifact id: '557f1b9bbeea6b49da8fdba68e66c692') in 0.005456 seconds
  Import took 0.008042 seconds .

========================================================================
Received Import Request.
  Time since last request: 10.492589 seconds.
  path: Assets/prefabs/Menu/Menu.prefab
  artifactKey: Guid(83e61faf5cdea044789515ac26345001) Importer(815301076,1909f56bfc062723c751e8b465ee728b)
Start importing Assets/prefabs/Menu/Menu.prefab using Guid(83e61faf5cdea044789515ac26345001) Importer(815301076,1909f56bfc062723c751e8b465ee728b)  -> (artifact id: 'd529518461a0e2787ebbcd55556a0d0f') in 0.006415 seconds
  Import took 0.008541 seconds .

========================================================================
Received Import Request.
  Time since last request: 6.839090 seconds.
  path: Assets/prefabs/Menu/Menu.prefab
  artifactKey: Guid(83e61faf5cdea044789515ac26345001) Importer(815301076,1909f56bfc062723c751e8b465ee728b)
Start importing Assets/prefabs/Menu/Menu.prefab using Guid(83e61faf5cdea044789515ac26345001) Importer(815301076,1909f56bfc062723c751e8b465ee728b)  -> (artifact id: 'd85256b2e00436e87c70d2b9f99380c1') in 0.009761 seconds
  Import took 0.012823 seconds .

========================================================================
Received Import Request.
  Time since last request: 2.706753 seconds.
  path: Assets/prefabs/Menu/Menu.prefab
  artifactKey: Guid(83e61faf5cdea044789515ac26345001) Importer(815301076,1909f56bfc062723c751e8b465ee728b)
Start importing Assets/prefabs/Menu/Menu.prefab using Guid(83e61faf5cdea044789515ac26345001) Importer(815301076,1909f56bfc062723c751e8b465ee728b)  -> (artifact id: 'cd994764785305c2a59e999e32dae66d') in 0.006078 seconds
  Import took 0.008539 seconds .

========================================================================
Received Import Request.
  Time since last request: 0.014926 seconds.
  path: Assets/prefabs/Menu/Menu.prefab
  artifactKey: Guid(83e61faf5cdea044789515ac26345001) Importer(815301076,1909f56bfc062723c751e8b465ee728b)
Start importing Assets/prefabs/Menu/Menu.prefab using Guid(83e61faf5cdea044789515ac26345001) Importer(815301076,1909f56bfc062723c751e8b465ee728b)  -> (artifact id: 'cd994764785305c2a59e999e32dae66d') in 0.006099 seconds
  Import took 0.008893 seconds .

========================================================================
Received Import Request.
  Time since last request: 6.911472 seconds.
  path: Assets/prefabs/Menu/Menu.prefab
  artifactKey: Guid(83e61faf5cdea044789515ac26345001) Importer(815301076,1909f56bfc062723c751e8b465ee728b)
Start importing Assets/prefabs/Menu/Menu.prefab using Guid(83e61faf5cdea044789515ac26345001) Importer(815301076,1909f56bfc062723c751e8b465ee728b)  -> (artifact id: 'f0d02ea721c4aeb6624fe9e785852a43') in 0.006488 seconds
  Import took 0.008971 seconds .

========================================================================
Received Import Request.
  Time since last request: 11.433546 seconds.
  path: Assets/prefabs/Menu/Menu.prefab
  artifactKey: Guid(83e61faf5cdea044789515ac26345001) Importer(815301076,1909f56bfc062723c751e8b465ee728b)
Start importing Assets/prefabs/Menu/Menu.prefab using Guid(83e61faf5cdea044789515ac26345001) Importer(815301076,1909f56bfc062723c751e8b465ee728b)  -> (artifact id: '3edd3322b595cbbcc4aef41236cc2f1e') in 0.005608 seconds
  Import took 0.008602 seconds .

========================================================================
Received Import Request.
  Time since last request: 12.077974 seconds.
  path: Assets/prefabs/Menu/Menu.prefab
  artifactKey: Guid(83e61faf5cdea044789515ac26345001) Importer(815301076,1909f56bfc062723c751e8b465ee728b)
Start importing Assets/prefabs/Menu/Menu.prefab using Guid(83e61faf5cdea044789515ac26345001) Importer(815301076,1909f56bfc062723c751e8b465ee728b)  -> (artifact id: '50e80e8f5339eb2ac9e2a766fc09ee8a') in 0.005979 seconds
  Import took 0.009456 seconds .

========================================================================
Received Import Request.
  Time since last request: 9.294718 seconds.
  path: Assets/prefabs/Menu/Menu.prefab
  artifactKey: Guid(83e61faf5cdea044789515ac26345001) Importer(815301076,1909f56bfc062723c751e8b465ee728b)
Start importing Assets/prefabs/Menu/Menu.prefab using Guid(83e61faf5cdea044789515ac26345001) Importer(815301076,1909f56bfc062723c751e8b465ee728b)  -> (artifact id: 'fe3bf33eb9af3f547d710edee9055a32') in 0.005273 seconds
  Import took 0.007673 seconds .

========================================================================
Received Import Request.
  Time since last request: 7.232025 seconds.
  path: Assets/prefabs/Menu/Menu.prefab
  artifactKey: Guid(83e61faf5cdea044789515ac26345001) Importer(815301076,1909f56bfc062723c751e8b465ee728b)
Start importing Assets/prefabs/Menu/Menu.prefab using Guid(83e61faf5cdea044789515ac26345001) Importer(815301076,1909f56bfc062723c751e8b465ee728b)  -> (artifact id: '6fce4236c235936a5b7c042c67f22426') in 0.007221 seconds
  Import took 0.009480 seconds .

========================================================================
Received Import Request.
  Time since last request: 2.954334 seconds.
  path: Assets/prefabs/Menu/Menu.prefab
  artifactKey: Guid(83e61faf5cdea044789515ac26345001) Importer(815301076,1909f56bfc062723c751e8b465ee728b)
Start importing Assets/prefabs/Menu/Menu.prefab using Guid(83e61faf5cdea044789515ac26345001) Importer(815301076,1909f56bfc062723c751e8b465ee728b)  -> (artifact id: 'd81136789b876c70f1624319eec815ef') in 0.005900 seconds
  Import took 0.008993 seconds .

========================================================================
Received Import Request.
  Time since last request: 13.491305 seconds.
  path: Assets/prefabs/Menu/Menu.prefab
  artifactKey: Guid(83e61faf5cdea044789515ac26345001) Importer(815301076,1909f56bfc062723c751e8b465ee728b)
Start importing Assets/prefabs/Menu/Menu.prefab using Guid(83e61faf5cdea044789515ac26345001) Importer(815301076,1909f56bfc062723c751e8b465ee728b)  -> (artifact id: '4e917cd71991125ae0a5dd040abc14d4') in 0.004526 seconds
  Import took 0.006671 seconds .

========================================================================
Received Import Request.
  Time since last request: 1.770981 seconds.
  path: Assets/prefabs/Menu/Menu.prefab
  artifactKey: Guid(83e61faf5cdea044789515ac26345001) Importer(815301076,1909f56bfc062723c751e8b465ee728b)
Start importing Assets/prefabs/Menu/Menu.prefab using Guid(83e61faf5cdea044789515ac26345001) Importer(815301076,1909f56bfc062723c751e8b465ee728b)  -> (artifact id: 'e76424c88f2313b5ef7f4e460077c660') in 0.006414 seconds
  Import took 0.009071 seconds .

========================================================================
Received Import Request.
  Time since last request: 15.973010 seconds.
  path: Assets/prefabs/Menu/Menu.prefab
  artifactKey: Guid(83e61faf5cdea044789515ac26345001) Importer(815301076,1909f56bfc062723c751e8b465ee728b)
Start importing Assets/prefabs/Menu/Menu.prefab using Guid(83e61faf5cdea044789515ac26345001) Importer(815301076,1909f56bfc062723c751e8b465ee728b)  -> (artifact id: '0a811e835c0501c3d1c40a935bacde47') in 0.005104 seconds
  Import took 0.007669 seconds .

========================================================================
Received Import Request.
  Time since last request: 0.802033 seconds.
  path: Assets/prefabs/Menu/Menu.prefab
  artifactKey: Guid(83e61faf5cdea044789515ac26345001) Importer(815301076,1909f56bfc062723c751e8b465ee728b)
Start importing Assets/prefabs/Menu/Menu.prefab using Guid(83e61faf5cdea044789515ac26345001) Importer(815301076,1909f56bfc062723c751e8b465ee728b)  -> (artifact id: '5d6084db86c76f2e53c639dae923a4fc') in 0.006061 seconds
  Import took 0.008170 seconds .

========================================================================
Received Import Request.
  Time since last request: 3.084816 seconds.
  path: Assets/prefabs/Menu/Menu.prefab
  artifactKey: Guid(83e61faf5cdea044789515ac26345001) Importer(815301076,1909f56bfc062723c751e8b465ee728b)
Start importing Assets/prefabs/Menu/Menu.prefab using Guid(83e61faf5cdea044789515ac26345001) Importer(815301076,1909f56bfc062723c751e8b465ee728b)  -> (artifact id: 'fab7faa445b2f5313f9871cea28f11dd') in 0.007884 seconds
  Import took 0.011727 seconds .

========================================================================
Received Import Request.
  Time since last request: 2.993456 seconds.
  path: Assets/prefabs/Menu/Menu.prefab
  artifactKey: Guid(83e61faf5cdea044789515ac26345001) Importer(815301076,1909f56bfc062723c751e8b465ee728b)
Start importing Assets/prefabs/Menu/Menu.prefab using Guid(83e61faf5cdea044789515ac26345001) Importer(815301076,1909f56bfc062723c751e8b465ee728b)  -> (artifact id: 'c92636aa9542ad4b3eb565564535fa44') in 0.006591 seconds
  Import took 0.009113 seconds .

========================================================================
Received Import Request.
  Time since last request: 2.664141 seconds.
  path: Assets/prefabs/Menu/Menu.prefab
  artifactKey: Guid(83e61faf5cdea044789515ac26345001) Importer(815301076,1909f56bfc062723c751e8b465ee728b)
Start importing Assets/prefabs/Menu/Menu.prefab using Guid(83e61faf5cdea044789515ac26345001) Importer(815301076,1909f56bfc062723c751e8b465ee728b)  -> (artifact id: '3859cfe3496876d74ee583b651fb3c48') in 0.007361 seconds
  Import took 0.009880 seconds .

========================================================================
Received Import Request.
  Time since last request: 1.338737 seconds.
  path: Assets/prefabs/Menu/Menu.prefab
  artifactKey: Guid(83e61faf5cdea044789515ac26345001) Importer(815301076,1909f56bfc062723c751e8b465ee728b)
Start importing Assets/prefabs/Menu/Menu.prefab using Guid(83e61faf5cdea044789515ac26345001) Importer(815301076,1909f56bfc062723c751e8b465ee728b)  -> (artifact id: '29cafa04587883bd8586c81870e069b6') in 0.005152 seconds
  Import took 0.007281 seconds .

========================================================================
Received Import Request.
  Time since last request: 12.524744 seconds.
  path: Assets/prefabs/Menu/Menu.prefab
  artifactKey: Guid(83e61faf5cdea044789515ac26345001) Importer(815301076,1909f56bfc062723c751e8b465ee728b)
Start importing Assets/prefabs/Menu/Menu.prefab using Guid(83e61faf5cdea044789515ac26345001) Importer(815301076,1909f56bfc062723c751e8b465ee728b)  -> (artifact id: 'c2fef3a2ab548ff801924523d8ef5104') in 0.005741 seconds
  Import took 0.009332 seconds .

========================================================================
Received Import Request.
  Time since last request: 2.071652 seconds.
  path: Assets/prefabs/Menu/Menu.prefab
  artifactKey: Guid(83e61faf5cdea044789515ac26345001) Importer(815301076,1909f56bfc062723c751e8b465ee728b)
Start importing Assets/prefabs/Menu/Menu.prefab using Guid(83e61faf5cdea044789515ac26345001) Importer(815301076,1909f56bfc062723c751e8b465ee728b)  -> (artifact id: '7d55f49f4e0dd0e532e73874c1661231') in 0.005290 seconds
  Import took 0.007536 seconds .

========================================================================
Received Import Request.
  Time since last request: 2.381393 seconds.
  path: Assets/prefabs/Menu/Menu.prefab
  artifactKey: Guid(83e61faf5cdea044789515ac26345001) Importer(815301076,1909f56bfc062723c751e8b465ee728b)
Start importing Assets/prefabs/Menu/Menu.prefab using Guid(83e61faf5cdea044789515ac26345001) Importer(815301076,1909f56bfc062723c751e8b465ee728b)  -> (artifact id: '0ab5e768fd225ecaf546603a6ae7ceba') in 0.006754 seconds
  Import took 0.009669 seconds .

========================================================================
Received Import Request.
  Time since last request: 4.438373 seconds.
  path: Assets/prefabs/Menu/Menu.prefab
  artifactKey: Guid(83e61faf5cdea044789515ac26345001) Importer(815301076,1909f56bfc062723c751e8b465ee728b)
Start importing Assets/prefabs/Menu/Menu.prefab using Guid(83e61faf5cdea044789515ac26345001) Importer(815301076,1909f56bfc062723c751e8b465ee728b)  -> (artifact id: '86a78eff92c40813b470250e5d447d38') in 0.006370 seconds
  Import took 0.008615 seconds .

========================================================================
Received Import Request.
  Time since last request: 3.112214 seconds.
  path: Assets/prefabs/Menu/Menu.prefab
  artifactKey: Guid(83e61faf5cdea044789515ac26345001) Importer(815301076,1909f56bfc062723c751e8b465ee728b)
Start importing Assets/prefabs/Menu/Menu.prefab using Guid(83e61faf5cdea044789515ac26345001) Importer(815301076,1909f56bfc062723c751e8b465ee728b)  -> (artifact id: 'f2f12e663922eb22828ae65b365026d6') in 0.005272 seconds
  Import took 0.007527 seconds .

========================================================================
Received Import Request.
  Time since last request: 2.215294 seconds.
  path: Assets/prefabs/Menu/Menu.prefab
  artifactKey: Guid(83e61faf5cdea044789515ac26345001) Importer(815301076,1909f56bfc062723c751e8b465ee728b)
Start importing Assets/prefabs/Menu/Menu.prefab using Guid(83e61faf5cdea044789515ac26345001) Importer(815301076,1909f56bfc062723c751e8b465ee728b)  -> (artifact id: '4353406512e1aaba739b052556d00356') in 0.006088 seconds
  Import took 0.008275 seconds .

========================================================================
Received Import Request.
  Time since last request: 1.241287 seconds.
  path: Assets/prefabs/Menu/Menu.prefab
  artifactKey: Guid(83e61faf5cdea044789515ac26345001) Importer(815301076,1909f56bfc062723c751e8b465ee728b)
Start importing Assets/prefabs/Menu/Menu.prefab using Guid(83e61faf5cdea044789515ac26345001) Importer(815301076,1909f56bfc062723c751e8b465ee728b)  -> (artifact id: '90d9bb8c46907bdcd45eab9ff863f5f0') in 0.009756 seconds
  Import took 0.013066 seconds .

========================================================================
Received Import Request.
  Time since last request: 3.179448 seconds.
  path: Assets/prefabs/Menu/Menu.prefab
  artifactKey: Guid(83e61faf5cdea044789515ac26345001) Importer(815301076,1909f56bfc062723c751e8b465ee728b)
Start importing Assets/prefabs/Menu/Menu.prefab using Guid(83e61faf5cdea044789515ac26345001) Importer(815301076,1909f56bfc062723c751e8b465ee728b)  -> (artifact id: 'cc1d24a961fa9498ea87de999eeebc7a') in 0.005586 seconds
  Import took 0.007809 seconds .

========================================================================
Received Import Request.
  Time since last request: 2.885013 seconds.
  path: Assets/prefabs/Menu/Menu.prefab
  artifactKey: Guid(83e61faf5cdea044789515ac26345001) Importer(815301076,1909f56bfc062723c751e8b465ee728b)
Start importing Assets/prefabs/Menu/Menu.prefab using Guid(83e61faf5cdea044789515ac26345001) Importer(815301076,1909f56bfc062723c751e8b465ee728b)  -> (artifact id: '2390ddeb04f1709964f7a932a93786df') in 0.005417 seconds
  Import took 0.007505 seconds .

========================================================================
Received Import Request.
  Time since last request: 3.686675 seconds.
  path: Assets/prefabs/Menu/Menu.prefab
  artifactKey: Guid(83e61faf5cdea044789515ac26345001) Importer(815301076,1909f56bfc062723c751e8b465ee728b)
Start importing Assets/prefabs/Menu/Menu.prefab using Guid(83e61faf5cdea044789515ac26345001) Importer(815301076,1909f56bfc062723c751e8b465ee728b)  -> (artifact id: '9192646e6e5784fa15fd2db93b143b2e') in 0.006277 seconds
  Import took 0.008627 seconds .

========================================================================
Received Import Request.
  Time since last request: 1.400527 seconds.
  path: Assets/prefabs/Menu/Menu.prefab
  artifactKey: Guid(83e61faf5cdea044789515ac26345001) Importer(815301076,1909f56bfc062723c751e8b465ee728b)
Start importing Assets/prefabs/Menu/Menu.prefab using Guid(83e61faf5cdea044789515ac26345001) Importer(815301076,1909f56bfc062723c751e8b465ee728b)  -> (artifact id: 'a8afc23342b6844cdd94b7903f8cf398') in 0.005317 seconds
  Import took 0.007758 seconds .

========================================================================
Received Import Request.
  Time since last request: 3.540038 seconds.
  path: Assets/prefabs/Menu/Menu.prefab
  artifactKey: Guid(83e61faf5cdea044789515ac26345001) Importer(815301076,1909f56bfc062723c751e8b465ee728b)
Start importing Assets/prefabs/Menu/Menu.prefab using Guid(83e61faf5cdea044789515ac26345001) Importer(815301076,1909f56bfc062723c751e8b465ee728b)  -> (artifact id: '7386faa7adc2528866a7a57533944849') in 0.005693 seconds
  Import took 0.008578 seconds .

========================================================================
Received Import Request.
  Time since last request: 2.481776 seconds.
  path: Assets/prefabs/Menu/Menu.prefab
  artifactKey: Guid(83e61faf5cdea044789515ac26345001) Importer(815301076,1909f56bfc062723c751e8b465ee728b)
Start importing Assets/prefabs/Menu/Menu.prefab using Guid(83e61faf5cdea044789515ac26345001) Importer(815301076,1909f56bfc062723c751e8b465ee728b)  -> (artifact id: 'bf41d38052b08734ceac54c088c2a9c8') in 0.007207 seconds
  Import took 0.009638 seconds .

========================================================================
Received Import Request.
  Time since last request: 0.020164 seconds.
  path: Assets/prefabs/Menu/Menu.prefab
  artifactKey: Guid(83e61faf5cdea044789515ac26345001) Importer(815301076,1909f56bfc062723c751e8b465ee728b)
Start importing Assets/prefabs/Menu/Menu.prefab using Guid(83e61faf5cdea044789515ac26345001) Importer(815301076,1909f56bfc062723c751e8b465ee728b)  -> (artifact id: 'bf41d38052b08734ceac54c088c2a9c8') in 0.007707 seconds
  Import took 0.010111 seconds .

========================================================================
Received Import Request.
  Time since last request: 0.961986 seconds.
  path: Assets/prefabs/Menu/Menu.prefab
  artifactKey: Guid(83e61faf5cdea044789515ac26345001) Importer(815301076,1909f56bfc062723c751e8b465ee728b)
Start importing Assets/prefabs/Menu/Menu.prefab using Guid(83e61faf5cdea044789515ac26345001) Importer(815301076,1909f56bfc062723c751e8b465ee728b)  -> (artifact id: 'fb1dce5e6867dd6ed920a4295618e475') in 0.004866 seconds
  Import took 0.007195 seconds .

========================================================================
Received Import Request.
  Time since last request: 11.077072 seconds.
  path: Assets/prefabs/Menu/Menu.prefab
  artifactKey: Guid(83e61faf5cdea044789515ac26345001) Importer(815301076,1909f56bfc062723c751e8b465ee728b)
Start importing Assets/prefabs/Menu/Menu.prefab using Guid(83e61faf5cdea044789515ac26345001) Importer(815301076,1909f56bfc062723c751e8b465ee728b)  -> (artifact id: '944f2d993406d6de3a18cdd8075a95dd') in 0.005418 seconds
  Import took 0.007618 seconds .

========================================================================
Received Import Request.
  Time since last request: 2.426999 seconds.
  path: Assets/prefabs/Menu/Menu.prefab
  artifactKey: Guid(83e61faf5cdea044789515ac26345001) Importer(815301076,1909f56bfc062723c751e8b465ee728b)
Start importing Assets/prefabs/Menu/Menu.prefab using Guid(83e61faf5cdea044789515ac26345001) Importer(815301076,1909f56bfc062723c751e8b465ee728b)  -> (artifact id: '6726a05477987347e9d8d276c0a63de1') in 0.005281 seconds
  Import took 0.008060 seconds .

========================================================================
Received Import Request.
  Time since last request: 2.442024 seconds.
  path: Assets/prefabs/Menu/Menu.prefab
  artifactKey: Guid(83e61faf5cdea044789515ac26345001) Importer(815301076,1909f56bfc062723c751e8b465ee728b)
Start importing Assets/prefabs/Menu/Menu.prefab using Guid(83e61faf5cdea044789515ac26345001) Importer(815301076,1909f56bfc062723c751e8b465ee728b)  -> (artifact id: '98ea6845ea94e9a987f9b6934bf89b47') in 0.006676 seconds
  Import took 0.009283 seconds .

========================================================================
Received Import Request.
  Time since last request: 2.249875 seconds.
  path: Assets/prefabs/Menu/Menu.prefab
  artifactKey: Guid(83e61faf5cdea044789515ac26345001) Importer(815301076,1909f56bfc062723c751e8b465ee728b)
Start importing Assets/prefabs/Menu/Menu.prefab using Guid(83e61faf5cdea044789515ac26345001) Importer(815301076,1909f56bfc062723c751e8b465ee728b)  -> (artifact id: '4ff0b239b0218bede8d963ccde564a49') in 0.005716 seconds
  Import took 0.008534 seconds .

========================================================================
Received Import Request.
  Time since last request: 2.395283 seconds.
  path: Assets/prefabs/Menu/Menu.prefab
  artifactKey: Guid(83e61faf5cdea044789515ac26345001) Importer(815301076,1909f56bfc062723c751e8b465ee728b)
Start importing Assets/prefabs/Menu/Menu.prefab using Guid(83e61faf5cdea044789515ac26345001) Importer(815301076,1909f56bfc062723c751e8b465ee728b)  -> (artifact id: '18aadb93f28b0db615401a0b73ad30ed') in 0.007768 seconds
  Import took 0.010067 seconds .

========================================================================
Received Import Request.
  Time since last request: 1.860198 seconds.
  path: Assets/prefabs/Menu/Menu.prefab
  artifactKey: Guid(83e61faf5cdea044789515ac26345001) Importer(815301076,1909f56bfc062723c751e8b465ee728b)
Start importing Assets/prefabs/Menu/Menu.prefab using Guid(83e61faf5cdea044789515ac26345001) Importer(815301076,1909f56bfc062723c751e8b465ee728b)  -> (artifact id: 'f5ac5a4725ee2e6b65c18c2b9cdc083c') in 0.006707 seconds
  Import took 0.009263 seconds .

========================================================================
Received Import Request.
  Time since last request: 1.607730 seconds.
  path: Assets/prefabs/Menu/Menu.prefab
  artifactKey: Guid(83e61faf5cdea044789515ac26345001) Importer(815301076,1909f56bfc062723c751e8b465ee728b)
Start importing Assets/prefabs/Menu/Menu.prefab using Guid(83e61faf5cdea044789515ac26345001) Importer(815301076,1909f56bfc062723c751e8b465ee728b)  -> (artifact id: 'a038fe7d8381991da387914c97ae50d3') in 0.006138 seconds
  Import took 0.009684 seconds .

========================================================================
Received Import Request.
  Time since last request: 4.051401 seconds.
  path: Assets/prefabs/Menu/Menu.prefab
  artifactKey: Guid(83e61faf5cdea044789515ac26345001) Importer(815301076,1909f56bfc062723c751e8b465ee728b)
Start importing Assets/prefabs/Menu/Menu.prefab using Guid(83e61faf5cdea044789515ac26345001) Importer(815301076,1909f56bfc062723c751e8b465ee728b)  -> (artifact id: '413ff8aae794c0147237388ea4032c75') in 0.006416 seconds
  Import took 0.008596 seconds .

========================================================================
Received Import Request.
  Time since last request: 1.892306 seconds.
  path: Assets/prefabs/Menu/Menu.prefab
  artifactKey: Guid(83e61faf5cdea044789515ac26345001) Importer(815301076,1909f56bfc062723c751e8b465ee728b)
Start importing Assets/prefabs/Menu/Menu.prefab using Guid(83e61faf5cdea044789515ac26345001) Importer(815301076,1909f56bfc062723c751e8b465ee728b)  -> (artifact id: '15aca7f576d804136c2c23f55424a9c3') in 0.005732 seconds
  Import took 0.007950 seconds .

========================================================================
Received Import Request.
  Time since last request: 2.314766 seconds.
  path: Assets/prefabs/Menu/Menu.prefab
  artifactKey: Guid(83e61faf5cdea044789515ac26345001) Importer(815301076,1909f56bfc062723c751e8b465ee728b)
Start importing Assets/prefabs/Menu/Menu.prefab using Guid(83e61faf5cdea044789515ac26345001) Importer(815301076,1909f56bfc062723c751e8b465ee728b)  -> (artifact id: 'a84d4bb63e9c8620285d599b8e44dd58') in 0.005901 seconds
  Import took 0.008292 seconds .

========================================================================
Received Import Request.
  Time since last request: 1.206620 seconds.
  path: Assets/prefabs/Menu/Menu.prefab
  artifactKey: Guid(83e61faf5cdea044789515ac26345001) Importer(815301076,1909f56bfc062723c751e8b465ee728b)
Start importing Assets/prefabs/Menu/Menu.prefab using Guid(83e61faf5cdea044789515ac26345001) Importer(815301076,1909f56bfc062723c751e8b465ee728b)  -> (artifact id: '438936aec25ec3846a5e1be0ded18d01') in 0.007109 seconds
  Import took 0.009321 seconds .

========================================================================
Received Import Request.
  Time since last request: 3.510207 seconds.
  path: Assets/prefabs/Menu/Menu.prefab
  artifactKey: Guid(83e61faf5cdea044789515ac26345001) Importer(815301076,1909f56bfc062723c751e8b465ee728b)
Start importing Assets/prefabs/Menu/Menu.prefab using Guid(83e61faf5cdea044789515ac26345001) Importer(815301076,1909f56bfc062723c751e8b465ee728b)  -> (artifact id: 'cce98ce5e7e562734b2b8647238937a6') in 0.005553 seconds
  Import took 0.007905 seconds .

========================================================================
Received Import Request.
  Time since last request: 2.277675 seconds.
  path: Assets/prefabs/Menu/Menu.prefab
  artifactKey: Guid(83e61faf5cdea044789515ac26345001) Importer(815301076,1909f56bfc062723c751e8b465ee728b)
Start importing Assets/prefabs/Menu/Menu.prefab using Guid(83e61faf5cdea044789515ac26345001) Importer(815301076,1909f56bfc062723c751e8b465ee728b)  -> (artifact id: 'f95935aade81ced49f80b76615717111') in 0.008217 seconds
  Import took 0.010478 seconds .

========================================================================
Received Import Request.
  Time since last request: 0.605026 seconds.
  path: Assets/prefabs/Menu/Menu.prefab
  artifactKey: Guid(83e61faf5cdea044789515ac26345001) Importer(815301076,1909f56bfc062723c751e8b465ee728b)
Start importing Assets/prefabs/Menu/Menu.prefab using Guid(83e61faf5cdea044789515ac26345001) Importer(815301076,1909f56bfc062723c751e8b465ee728b)  -> (artifact id: '794a3d3fad774543e071c313854aff95') in 0.007347 seconds
  Import took 0.009766 seconds .

========================================================================
Received Import Request.
  Time since last request: 5.639895 seconds.
  path: Assets/prefabs/Menu/Menu.prefab
  artifactKey: Guid(83e61faf5cdea044789515ac26345001) Importer(815301076,1909f56bfc062723c751e8b465ee728b)
Start importing Assets/prefabs/Menu/Menu.prefab using Guid(83e61faf5cdea044789515ac26345001) Importer(815301076,1909f56bfc062723c751e8b465ee728b)  -> (artifact id: '2ea798730214a3c8b2fba62f486b3a9a') in 0.006038 seconds
  Import took 0.008553 seconds .

========================================================================
Received Import Request.
  Time since last request: 3.413256 seconds.
  path: Assets/prefabs/Menu/Menu.prefab
  artifactKey: Guid(83e61faf5cdea044789515ac26345001) Importer(815301076,1909f56bfc062723c751e8b465ee728b)
Start importing Assets/prefabs/Menu/Menu.prefab using Guid(83e61faf5cdea044789515ac26345001) Importer(815301076,1909f56bfc062723c751e8b465ee728b)  -> (artifact id: 'e8a3d653b0fe2a68e79b9c407237e6fd') in 0.005836 seconds
  Import took 0.008406 seconds .

========================================================================
Received Import Request.
  Time since last request: 2.163681 seconds.
  path: Assets/prefabs/Menu/Menu.prefab
  artifactKey: Guid(83e61faf5cdea044789515ac26345001) Importer(815301076,1909f56bfc062723c751e8b465ee728b)
Start importing Assets/prefabs/Menu/Menu.prefab using Guid(83e61faf5cdea044789515ac26345001) Importer(815301076,1909f56bfc062723c751e8b465ee728b)  -> (artifact id: '9a0552bb5ebfb9b50bd2702153651962') in 0.008284 seconds
  Import took 0.011319 seconds .

========================================================================
Received Import Request.
  Time since last request: 1.029284 seconds.
  path: Assets/prefabs/Menu/Menu.prefab
  artifactKey: Guid(83e61faf5cdea044789515ac26345001) Importer(815301076,1909f56bfc062723c751e8b465ee728b)
Start importing Assets/prefabs/Menu/Menu.prefab using Guid(83e61faf5cdea044789515ac26345001) Importer(815301076,1909f56bfc062723c751e8b465ee728b)  -> (artifact id: '48beedddb8ef793c77e54e8c18ffb0a9') in 0.006071 seconds
  Import took 0.008321 seconds .

========================================================================
Received Import Request.
  Time since last request: 2.511947 seconds.
  path: Assets/prefabs/Menu/Menu.prefab
  artifactKey: Guid(83e61faf5cdea044789515ac26345001) Importer(815301076,1909f56bfc062723c751e8b465ee728b)
Start importing Assets/prefabs/Menu/Menu.prefab using Guid(83e61faf5cdea044789515ac26345001) Importer(815301076,1909f56bfc062723c751e8b465ee728b)  -> (artifact id: '855ba0faadac292603808578cc407271') in 0.006713 seconds
  Import took 0.009642 seconds .

========================================================================
Received Import Request.
  Time since last request: 2.615603 seconds.
  path: Assets/prefabs/Menu/Menu.prefab
  artifactKey: Guid(83e61faf5cdea044789515ac26345001) Importer(815301076,1909f56bfc062723c751e8b465ee728b)
Start importing Assets/prefabs/Menu/Menu.prefab using Guid(83e61faf5cdea044789515ac26345001) Importer(815301076,1909f56bfc062723c751e8b465ee728b)  -> (artifact id: '7d5951b6e648fef4cf58752af9243534') in 0.006353 seconds
  Import took 0.008947 seconds .

========================================================================
Received Import Request.
  Time since last request: 1.567298 seconds.
  path: Assets/prefabs/Menu/Menu.prefab
  artifactKey: Guid(83e61faf5cdea044789515ac26345001) Importer(815301076,1909f56bfc062723c751e8b465ee728b)
Start importing Assets/prefabs/Menu/Menu.prefab using Guid(83e61faf5cdea044789515ac26345001) Importer(815301076,1909f56bfc062723c751e8b465ee728b)  -> (artifact id: 'be9a291ae703e9446177fa820aeb8d22') in 0.006921 seconds
  Import took 0.009108 seconds .

========================================================================
Received Prepare
Registering precompiled user dll's ...
Registered in 0.000632 seconds.
Begin MonoManager ReloadAssembly
Native extension for WindowsStandalone target not found
Refreshing native plugins compatible for Editor in 0.20 ms, found 0 plugins.
Preloading 0 native plugins for Editor in 0.00 ms.
Mono: successfully reloaded assembly
- Completed reload, in  0.748 seconds
Platform modules already initialized, skipping
Refreshing native plugins compatible for Editor in 0.20 ms, found 0 plugins.
Preloading 0 native plugins for Editor in 0.00 ms.
Unloading 1126 Unused Serialized files (Serialized files now loaded: 0)
System memory in use before: 75.1 MB.
System memory in use after: 75.2 MB.

Unloading 7 unused Assets to reduce memory usage. Loaded Objects now: 1646.
Total: 1.669600 ms (FindLiveObjects: 0.128000 ms CreateObjectMapping: 0.033700 ms MarkObjects: 1.455200 ms  DeleteObjects: 0.051900 ms)

========================================================================
Received Import Request.
  Time since last request: 49.037249 seconds.
  path: Assets/prefabs/Menu/Menu.prefab
  artifactKey: Guid(83e61faf5cdea044789515ac26345001) Importer(815301076,1909f56bfc062723c751e8b465ee728b)
Start importing Assets/prefabs/Menu/Menu.prefab using Guid(83e61faf5cdea044789515ac26345001) Importer(815301076,1909f56bfc062723c751e8b465ee728b)  -> (artifact id: '3cc78b369554cb9af932632e77bcefa0') in 0.046312 seconds
  Import took 0.048696 seconds .

========================================================================
Received Prepare
Registering precompiled user dll's ...
Registered in 0.000688 seconds.
Begin MonoManager ReloadAssembly
Native extension for WindowsStandalone target not found
Refreshing native plugins compatible for Editor in 0.85 ms, found 0 plugins.
Preloading 0 native plugins for Editor in 0.00 ms.
Mono: successfully reloaded assembly
- Completed reload, in  0.872 seconds
Platform modules already initialized, skipping
Refreshing native plugins compatible for Editor in 0.20 ms, found 0 plugins.
Preloading 0 native plugins for Editor in 0.00 ms.
Unloading 1126 Unused Serialized files (Serialized files now loaded: 0)
System memory in use before: 75.2 MB.
System memory in use after: 75.2 MB.

Unloading 7 unused Assets to reduce memory usage. Loaded Objects now: 1649.
Total: 1.772400 ms (FindLiveObjects: 0.134300 ms CreateObjectMapping: 0.036800 ms MarkObjects: 1.543300 ms  DeleteObjects: 0.056800 ms)

========================================================================
Received Import Request.
  Time since last request: 538.604601 seconds.
  path: Assets/prefabs/Menu/Menu.prefab
  artifactKey: Guid(83e61faf5cdea044789515ac26345001) Importer(815301076,1909f56bfc062723c751e8b465ee728b)
Start importing Assets/prefabs/Menu/Menu.prefab using Guid(83e61faf5cdea044789515ac26345001) Importer(815301076,1909f56bfc062723c751e8b465ee728b)  -> (artifact id: 'ccbd7fade76f24353af7c77e2ba0bc21') in 0.039354 seconds
  Import took 0.041610 seconds .

========================================================================
Received Prepare
Registering precompiled user dll's ...
Registered in 0.001092 seconds.
Begin MonoManager ReloadAssembly
Native extension for WindowsStandalone target not found
Refreshing native plugins compatible for Editor in 0.20 ms, found 0 plugins.
Preloading 0 native plugins for Editor in 0.00 ms.
Mono: successfully reloaded assembly
- Completed reload, in  0.783 seconds
Platform modules already initialized, skipping
Refreshing native plugins compatible for Editor in 0.20 ms, found 0 plugins.
Preloading 0 native plugins for Editor in 0.00 ms.
Unloading 1126 Unused Serialized files (Serialized files now loaded: 0)
System memory in use before: 75.2 MB.
System memory in use after: 75.2 MB.

Unloading 7 unused Assets to reduce memory usage. Loaded Objects now: 1652.
Total: 1.936700 ms (FindLiveObjects: 0.222000 ms CreateObjectMapping: 0.056000 ms MarkObjects: 1.600200 ms  DeleteObjects: 0.056900 ms)

AssetImportWorkerClient::OnTransportError - code=2 error=End of file
